<?xml version="1.0" encoding="UTF-8"?>
<!-- Generated by org.testng.reporters.JUnitXMLReporter -->
<testsuite ignored="0" hostname="DESKTOP-EG6HAFJ" failures="0" tests="3" name="Command line test" time="32.293" errors="0" timestamp="2022-10-06T17:43:13 IST">
  <testcase classname="com.gis.ActivplantTest" name="testlogin1" time="0.066"/>
  <testcase classname="com.gis.ActivplantTest" name="testlogin2" time="0.003"/>
  <testcase classname="com.gis.Testcaselogin" name="logintest" time="31.982"/>
</testsuite> <!-- Command line test -->
