<?xml version="1.0" encoding="UTF-8"?>
<!-- Generated by org.testng.reporters.JUnitXMLReporter -->
<testsuite ignored="0" hostname="DESKTOP-EG6HAFJ" failures="0" tests="4" name=" Check User Role Testcase " time="116.741" errors="0" timestamp="2022-10-11T13:12:11 IST">
  <testcase classname="testcase.TestUserRole" name="MILogin" time="1.634"/>
  <testcase classname="testcase.TestUserRole" name="ManualDataEntry" time="1.873"/>
  <testcase classname="testcase.TestUserRole" name="ReportViewer" time="2.226"/>
  <testcase classname="testcase.TestUserRole" name="RootCase" time="1.619"/>
</testsuite> <!--  Check User Role Testcase  -->
