<?xml version="1.0" encoding="UTF-8"?>
<testng-results ignored="0" total="3" passed="3" failed="0" skipped="0">
  <reporter-output>
  </reporter-output>
  <suite started-at="2022-10-06T17:42:41 IST" name="Command line suite" finished-at="2022-10-06T17:43:13 IST" duration-ms="32293">
    <groups>
    </groups>
    <test started-at="2022-10-06T17:42:41 IST" name="Command line test" finished-at="2022-10-06T17:43:13 IST" duration-ms="32293">
      <class name="com.gis.Testcaselogin">
        <test-method signature="logintest()[pri:0, instance:com.gis.Testcaselogin@491666ad]" started-at="2022-10-06T17:42:41 IST" name="logintest" finished-at="2022-10-06T17:43:13 IST" duration-ms="31982" status="PASS">
          <reporter-output>
          </reporter-output>
        </test-method> <!-- logintest -->
      </class> <!-- com.gis.Testcaselogin -->
      <class name="com.gis.ActivplantTest">
        <test-method signature="testlogin1()[pri:0, instance:com.gis.ActivplantTest@7fe8ea47]" started-at="2022-10-06T17:42:41 IST" name="testlogin1" finished-at="2022-10-06T17:42:41 IST" duration-ms="66" status="PASS">
          <reporter-output>
          </reporter-output>
        </test-method> <!-- testlogin1 -->
        <test-method signature="testlogin2()[pri:0, instance:com.gis.ActivplantTest@7fe8ea47]" started-at="2022-10-06T17:42:41 IST" name="testlogin2" finished-at="2022-10-06T17:42:41 IST" duration-ms="3" status="PASS">
          <reporter-output>
          </reporter-output>
        </test-method> <!-- testlogin2 -->
      </class> <!-- com.gis.ActivplantTest -->
    </test> <!-- Command line test -->
  </suite> <!-- Command line suite -->
</testng-results>
