<?xml version="1.0" encoding="UTF-8"?>
<!-- Generated by org.testng.reporters.JUnitXMLReporter -->
<testsuite ignored="0" hostname="DESKTOP-EG6HAFJ" failures="0" tests="4" name="Default test" time="188.541" errors="0" timestamp="2022-10-11T13:28:46 IST">
  <testcase classname="testcase.TestUserRole" name="MILogin" time="2.196"/>
  <testcase classname="testcase.TestUserRole" name="ManualDataEntry" time="4.099"/>
  <testcase classname="testcase.TestUserRole" name="ReportViewer" time="4.063"/>
  <testcase classname="testcase.TestUserRole" name="RootCase" time="2.249"/>
</testsuite> <!-- Default test -->
